CRITICAL - 2022-10-17 07:47:07 --> require(config.php): failed to open stream: No such file or directory
in APPPATH\Views\inventaris\inventaris_barang.php on line 74.
 1 APPPATH\Views\inventaris\inventaris_barang.php(74): CodeIgniter\Debug\Exceptions->errorHandler(2, 'require(config.php): failed to open stream: No such file or directory', 'APPPATH\\Views\\inventaris\\inventaris_barang.php', 74, [])
 2 APPPATH\Views\inventaris\inventaris_barang.php(74): require()
 3 SYSTEMPATH\View\View.php(213): include('APPPATH\\Views\\inventaris\\inventaris_barang.php')
 4 SYSTEMPATH\View\View.php(216): CodeIgniter\View\View->CodeIgniter\View\{closure}()
 5 SYSTEMPATH\Common.php(1142): CodeIgniter\View\View->render('inventaris/inventaris_barang', [], true)
 6 APPPATH\Controllers\Home.php(13): view('inventaris/inventaris_barang')
 7 SYSTEMPATH\CodeIgniter.php(902): App\Controllers\Home->inventaris()
 8 SYSTEMPATH\CodeIgniter.php(457): CodeIgniter\CodeIgniter->runController(Object(App\Controllers\Home))
 9 SYSTEMPATH\CodeIgniter.php(340): CodeIgniter\CodeIgniter->handleRequest(null, Object(Config\Cache), false)
10 FCPATH\index.php(67): CodeIgniter\CodeIgniter->run()
11 SYSTEMPATH\Commands\Server\rewrite.php(46): require_once('FCPATH\\index.php')
CRITICAL - 2022-10-17 07:47:46 --> require(config.php): failed to open stream: No such file or directory
in APPPATH\Views\inventaris\inventaris_barang.php on line 74.
 1 APPPATH\Views\inventaris\inventaris_barang.php(74): CodeIgniter\Debug\Exceptions->errorHandler(2, 'require(config.php): failed to open stream: No such file or directory', 'APPPATH\\Views\\inventaris\\inventaris_barang.php', 74, [])
 2 APPPATH\Views\inventaris\inventaris_barang.php(74): require()
 3 SYSTEMPATH\View\View.php(213): include('APPPATH\\Views\\inventaris\\inventaris_barang.php')
 4 SYSTEMPATH\View\View.php(216): CodeIgniter\View\View->CodeIgniter\View\{closure}()
 5 SYSTEMPATH\Common.php(1142): CodeIgniter\View\View->render('inventaris/inventaris_barang', [], true)
 6 APPPATH\Controllers\Home.php(13): view('inventaris/inventaris_barang')
 7 SYSTEMPATH\CodeIgniter.php(902): App\Controllers\Home->inventaris()
 8 SYSTEMPATH\CodeIgniter.php(457): CodeIgniter\CodeIgniter->runController(Object(App\Controllers\Home))
 9 SYSTEMPATH\CodeIgniter.php(340): CodeIgniter\CodeIgniter->handleRequest(null, Object(Config\Cache), false)
10 FCPATH\index.php(67): CodeIgniter\CodeIgniter->run()
11 SYSTEMPATH\Commands\Server\rewrite.php(46): require_once('FCPATH\\index.php')
CRITICAL - 2022-10-17 07:48:25 --> Undefined variable: WEB_CONFIG
in APPPATH\Views\inventaris\inventaris_barang.php on line 80.
 1 APPPATH\Views\inventaris\inventaris_barang.php(80): CodeIgniter\Debug\Exceptions->errorHandler(8, 'Undefined variable: WEB_CONFIG', 'APPPATH\\Views\\inventaris\\inventaris_barang.php', 80, [])
 2 SYSTEMPATH\View\View.php(213): include('APPPATH\\Views\\inventaris\\inventaris_barang.php')
 3 SYSTEMPATH\View\View.php(216): CodeIgniter\View\View->CodeIgniter\View\{closure}()
 4 SYSTEMPATH\Common.php(1142): CodeIgniter\View\View->render('inventaris/inventaris_barang', [], true)
 5 APPPATH\Controllers\Home.php(13): view('inventaris/inventaris_barang')
 6 SYSTEMPATH\CodeIgniter.php(902): App\Controllers\Home->inventaris()
 7 SYSTEMPATH\CodeIgniter.php(457): CodeIgniter\CodeIgniter->runController(Object(App\Controllers\Home))
 8 SYSTEMPATH\CodeIgniter.php(340): CodeIgniter\CodeIgniter->handleRequest(null, Object(Config\Cache), false)
 9 FCPATH\index.php(67): CodeIgniter\CodeIgniter->run()
10 SYSTEMPATH\Commands\Server\rewrite.php(46): require_once('FCPATH\\index.php')
CRITICAL - 2022-10-17 07:52:11 --> Undefined variable: WEB_CONFIG
in APPPATH\Views\inventaris\inventaris_barang.php on line 80.
 1 APPPATH\Views\inventaris\inventaris_barang.php(80): CodeIgniter\Debug\Exceptions->errorHandler(8, 'Undefined variable: WEB_CONFIG', 'APPPATH\\Views\\inventaris\\inventaris_barang.php', 80, [])
 2 SYSTEMPATH\View\View.php(213): include('APPPATH\\Views\\inventaris\\inventaris_barang.php')
 3 SYSTEMPATH\View\View.php(216): CodeIgniter\View\View->CodeIgniter\View\{closure}()
 4 SYSTEMPATH\Common.php(1142): CodeIgniter\View\View->render('inventaris/inventaris_barang', [], true)
 5 APPPATH\Controllers\Home.php(13): view('inventaris/inventaris_barang')
 6 SYSTEMPATH\CodeIgniter.php(902): App\Controllers\Home->inventaris()
 7 SYSTEMPATH\CodeIgniter.php(457): CodeIgniter\CodeIgniter->runController(Object(App\Controllers\Home))
 8 SYSTEMPATH\CodeIgniter.php(340): CodeIgniter\CodeIgniter->handleRequest(null, Object(Config\Cache), false)
 9 FCPATH\index.php(67): CodeIgniter\CodeIgniter->run()
10 SYSTEMPATH\Commands\Server\rewrite.php(46): require_once('FCPATH\\index.php')
CRITICAL - 2022-10-17 07:52:14 --> Undefined variable: WEB_CONFIG
in APPPATH\Views\inventaris\inventaris_barang.php on line 80.
 1 APPPATH\Views\inventaris\inventaris_barang.php(80): CodeIgniter\Debug\Exceptions->errorHandler(8, 'Undefined variable: WEB_CONFIG', 'APPPATH\\Views\\inventaris\\inventaris_barang.php', 80, [])
 2 SYSTEMPATH\View\View.php(213): include('APPPATH\\Views\\inventaris\\inventaris_barang.php')
 3 SYSTEMPATH\View\View.php(216): CodeIgniter\View\View->CodeIgniter\View\{closure}()
 4 SYSTEMPATH\Common.php(1142): CodeIgniter\View\View->render('inventaris/inventaris_barang', [], true)
 5 APPPATH\Controllers\Home.php(13): view('inventaris/inventaris_barang')
 6 SYSTEMPATH\CodeIgniter.php(902): App\Controllers\Home->inventaris()
 7 SYSTEMPATH\CodeIgniter.php(457): CodeIgniter\CodeIgniter->runController(Object(App\Controllers\Home))
 8 SYSTEMPATH\CodeIgniter.php(340): CodeIgniter\CodeIgniter->handleRequest(null, Object(Config\Cache), false)
 9 FCPATH\index.php(67): CodeIgniter\CodeIgniter->run()
10 SYSTEMPATH\Commands\Server\rewrite.php(46): require_once('FCPATH\\index.php')
CRITICAL - 2022-10-17 07:52:23 --> Undefined variable: WEB_CONFIG
in APPPATH\Views\inventaris\inventaris_barang.php on line 80.
 1 APPPATH\Views\inventaris\inventaris_barang.php(80): CodeIgniter\Debug\Exceptions->errorHandler(8, 'Undefined variable: WEB_CONFIG', 'APPPATH\\Views\\inventaris\\inventaris_barang.php', 80, [])
 2 SYSTEMPATH\View\View.php(213): include('APPPATH\\Views\\inventaris\\inventaris_barang.php')
 3 SYSTEMPATH\View\View.php(216): CodeIgniter\View\View->CodeIgniter\View\{closure}()
 4 SYSTEMPATH\Common.php(1142): CodeIgniter\View\View->render('inventaris/inventaris_barang', [], true)
 5 APPPATH\Controllers\Home.php(13): view('inventaris/inventaris_barang')
 6 SYSTEMPATH\CodeIgniter.php(902): App\Controllers\Home->inventaris()
 7 SYSTEMPATH\CodeIgniter.php(457): CodeIgniter\CodeIgniter->runController(Object(App\Controllers\Home))
 8 SYSTEMPATH\CodeIgniter.php(340): CodeIgniter\CodeIgniter->handleRequest(null, Object(Config\Cache), false)
 9 FCPATH\index.php(67): CodeIgniter\CodeIgniter->run()
10 SYSTEMPATH\Commands\Server\rewrite.php(46): require_once('FCPATH\\index.php')
CRITICAL - 2022-10-17 07:52:46 --> Unknown database 'phbweb2_crudnupev'
in APPPATH\Views\inventaris\config.php on line 17.
 1 APPPATH\Views\inventaris\config.php(17): mysqli_connect('localhost', 'root', 'ROOTPATH\\public', 'phbweb2_crudnupev')
 2 APPPATH\Views\inventaris\inventaris_barang.php(74): require('APPPATH\\Views\\inventaris\\config.php')
 3 SYSTEMPATH\View\View.php(213): include('APPPATH\\Views\\inventaris\\inventaris_barang.php')
 4 SYSTEMPATH\View\View.php(216): CodeIgniter\View\View->CodeIgniter\View\{closure}()
 5 SYSTEMPATH\Common.php(1142): CodeIgniter\View\View->render('inventaris/inventaris_barang', [], true)
 6 APPPATH\Controllers\Home.php(13): view('inventaris/inventaris_barang')
 7 SYSTEMPATH\CodeIgniter.php(902): App\Controllers\Home->inventaris()
 8 SYSTEMPATH\CodeIgniter.php(457): CodeIgniter\CodeIgniter->runController(Object(App\Controllers\Home))
 9 SYSTEMPATH\CodeIgniter.php(340): CodeIgniter\CodeIgniter->handleRequest(null, Object(Config\Cache), false)
10 FCPATH\index.php(67): CodeIgniter\CodeIgniter->run()
11 SYSTEMPATH\Commands\Server\rewrite.php(46): require_once('FCPATH\\index.php')
CRITICAL - 2022-10-17 07:53:41 --> session_start(): A session had already been started - ignoring
in APPPATH\Views\inventaris\inventaris_barang.php on line 94.
 1 [internal function]: CodeIgniter\Debug\Exceptions->errorHandler(8, 'session_start(): A session had already been started - ignoring', 'APPPATH\\Views\\inventaris\\inventaris_barang.php', 94, [...])
 2 APPPATH\Views\inventaris\inventaris_barang.php(94): session_start()
 3 SYSTEMPATH\View\View.php(213): include('APPPATH\\Views\\inventaris\\inventaris_barang.php')
 4 SYSTEMPATH\View\View.php(216): CodeIgniter\View\View->CodeIgniter\View\{closure}()
 5 SYSTEMPATH\Common.php(1142): CodeIgniter\View\View->render('inventaris/inventaris_barang', [], true)
 6 APPPATH\Controllers\Home.php(13): view('inventaris/inventaris_barang')
 7 SYSTEMPATH\CodeIgniter.php(902): App\Controllers\Home->inventaris()
 8 SYSTEMPATH\CodeIgniter.php(457): CodeIgniter\CodeIgniter->runController(Object(App\Controllers\Home))
 9 SYSTEMPATH\CodeIgniter.php(340): CodeIgniter\CodeIgniter->handleRequest(null, Object(Config\Cache), false)
10 FCPATH\index.php(67): CodeIgniter\CodeIgniter->run()
11 SYSTEMPATH\Commands\Server\rewrite.php(46): require_once('FCPATH\\index.php')
CRITICAL - 2022-10-17 07:56:15 --> session_start(): A session had already been started - ignoring
in APPPATH\Views\inventaris\inventaris_barang.php on line 94.
 1 [internal function]: CodeIgniter\Debug\Exceptions->errorHandler(8, 'session_start(): A session had already been started - ignoring', 'APPPATH\\Views\\inventaris\\inventaris_barang.php', 94, [...])
 2 APPPATH\Views\inventaris\inventaris_barang.php(94): session_start()
 3 SYSTEMPATH\View\View.php(213): include('APPPATH\\Views\\inventaris\\inventaris_barang.php')
 4 SYSTEMPATH\View\View.php(216): CodeIgniter\View\View->CodeIgniter\View\{closure}()
 5 SYSTEMPATH\Common.php(1142): CodeIgniter\View\View->render('inventaris/inventaris_barang', [], true)
 6 APPPATH\Controllers\Home.php(13): view('inventaris/inventaris_barang')
 7 SYSTEMPATH\CodeIgniter.php(902): App\Controllers\Home->inventaris()
 8 SYSTEMPATH\CodeIgniter.php(457): CodeIgniter\CodeIgniter->runController(Object(App\Controllers\Home))
 9 SYSTEMPATH\CodeIgniter.php(340): CodeIgniter\CodeIgniter->handleRequest(null, Object(Config\Cache), false)
10 FCPATH\index.php(67): CodeIgniter\CodeIgniter->run()
11 SYSTEMPATH\Commands\Server\rewrite.php(46): require_once('FCPATH\\index.php')
CRITICAL - 2022-10-17 07:56:18 --> session_start(): A session had already been started - ignoring
in APPPATH\Views\inventaris\inventaris_barang.php on line 94.
 1 [internal function]: CodeIgniter\Debug\Exceptions->errorHandler(8, 'session_start(): A session had already been started - ignoring', 'APPPATH\\Views\\inventaris\\inventaris_barang.php', 94, [...])
 2 APPPATH\Views\inventaris\inventaris_barang.php(94): session_start()
 3 SYSTEMPATH\View\View.php(213): include('APPPATH\\Views\\inventaris\\inventaris_barang.php')
 4 SYSTEMPATH\View\View.php(216): CodeIgniter\View\View->CodeIgniter\View\{closure}()
 5 SYSTEMPATH\Common.php(1142): CodeIgniter\View\View->render('inventaris/inventaris_barang', [], true)
 6 APPPATH\Controllers\Home.php(13): view('inventaris/inventaris_barang')
 7 SYSTEMPATH\CodeIgniter.php(902): App\Controllers\Home->inventaris()
 8 SYSTEMPATH\CodeIgniter.php(457): CodeIgniter\CodeIgniter->runController(Object(App\Controllers\Home))
 9 SYSTEMPATH\CodeIgniter.php(340): CodeIgniter\CodeIgniter->handleRequest(null, Object(Config\Cache), false)
10 FCPATH\index.php(67): CodeIgniter\CodeIgniter->run()
11 SYSTEMPATH\Commands\Server\rewrite.php(46): require_once('FCPATH\\index.php')
CRITICAL - 2022-10-17 07:56:20 --> session_start(): A session had already been started - ignoring
in APPPATH\Views\inventaris\inventaris_barang.php on line 94.
 1 [internal function]: CodeIgniter\Debug\Exceptions->errorHandler(8, 'session_start(): A session had already been started - ignoring', 'APPPATH\\Views\\inventaris\\inventaris_barang.php', 94, [...])
 2 APPPATH\Views\inventaris\inventaris_barang.php(94): session_start()
 3 SYSTEMPATH\View\View.php(213): include('APPPATH\\Views\\inventaris\\inventaris_barang.php')
 4 SYSTEMPATH\View\View.php(216): CodeIgniter\View\View->CodeIgniter\View\{closure}()
 5 SYSTEMPATH\Common.php(1142): CodeIgniter\View\View->render('inventaris/inventaris_barang', [], true)
 6 APPPATH\Controllers\Home.php(13): view('inventaris/inventaris_barang')
 7 SYSTEMPATH\CodeIgniter.php(902): App\Controllers\Home->inventaris()
 8 SYSTEMPATH\CodeIgniter.php(457): CodeIgniter\CodeIgniter->runController(Object(App\Controllers\Home))
 9 SYSTEMPATH\CodeIgniter.php(340): CodeIgniter\CodeIgniter->handleRequest(null, Object(Config\Cache), false)
10 FCPATH\index.php(67): CodeIgniter\CodeIgniter->run()
11 SYSTEMPATH\Commands\Server\rewrite.php(46): require_once('FCPATH\\index.php')
CRITICAL - 2022-10-17 07:56:23 --> session_start(): A session had already been started - ignoring
in APPPATH\Views\inventaris\inventaris_barang.php on line 94.
 1 [internal function]: CodeIgniter\Debug\Exceptions->errorHandler(8, 'session_start(): A session had already been started - ignoring', 'APPPATH\\Views\\inventaris\\inventaris_barang.php', 94, [...])
 2 APPPATH\Views\inventaris\inventaris_barang.php(94): session_start()
 3 SYSTEMPATH\View\View.php(213): include('APPPATH\\Views\\inventaris\\inventaris_barang.php')
 4 SYSTEMPATH\View\View.php(216): CodeIgniter\View\View->CodeIgniter\View\{closure}()
 5 SYSTEMPATH\Common.php(1142): CodeIgniter\View\View->render('inventaris/inventaris_barang', [], true)
 6 APPPATH\Controllers\Home.php(13): view('inventaris/inventaris_barang')
 7 SYSTEMPATH\CodeIgniter.php(902): App\Controllers\Home->inventaris()
 8 SYSTEMPATH\CodeIgniter.php(457): CodeIgniter\CodeIgniter->runController(Object(App\Controllers\Home))
 9 SYSTEMPATH\CodeIgniter.php(340): CodeIgniter\CodeIgniter->handleRequest(null, Object(Config\Cache), false)
10 FCPATH\index.php(67): CodeIgniter\CodeIgniter->run()
11 SYSTEMPATH\Commands\Server\rewrite.php(46): require_once('FCPATH\\index.php')
CRITICAL - 2022-10-17 07:59:26 --> session_start(): A session had already been started - ignoring
in APPPATH\Views\inventaris\inventaris_barang.php on line 94.
 1 [internal function]: CodeIgniter\Debug\Exceptions->errorHandler(8, 'session_start(): A session had already been started - ignoring', 'APPPATH\\Views\\inventaris\\inventaris_barang.php', 94, [...])
 2 APPPATH\Views\inventaris\inventaris_barang.php(94): session_start()
 3 SYSTEMPATH\View\View.php(213): include('APPPATH\\Views\\inventaris\\inventaris_barang.php')
 4 SYSTEMPATH\View\View.php(216): CodeIgniter\View\View->CodeIgniter\View\{closure}()
 5 SYSTEMPATH\Common.php(1142): CodeIgniter\View\View->render('inventaris/inventaris_barang', [], true)
 6 APPPATH\Controllers\Home.php(13): view('inventaris/inventaris_barang')
 7 SYSTEMPATH\CodeIgniter.php(902): App\Controllers\Home->inventaris()
 8 SYSTEMPATH\CodeIgniter.php(457): CodeIgniter\CodeIgniter->runController(Object(App\Controllers\Home))
 9 SYSTEMPATH\CodeIgniter.php(340): CodeIgniter\CodeIgniter->handleRequest(null, Object(Config\Cache), false)
10 FCPATH\index.php(67): CodeIgniter\CodeIgniter->run()
11 SYSTEMPATH\Commands\Server\rewrite.php(46): require_once('FCPATH\\index.php')
CRITICAL - 2022-10-17 08:03:37 --> Undefined variable: db1
in APPPATH\Views\inventaris\inventaris_barang.php on line 92.
 1 APPPATH\Views\inventaris\inventaris_barang.php(92): CodeIgniter\Debug\Exceptions->errorHandler(8, 'Undefined variable: db1', 'APPPATH\\Views\\inventaris\\inventaris_barang.php', 92, [...])
 2 SYSTEMPATH\View\View.php(213): include('APPPATH\\Views\\inventaris\\inventaris_barang.php')
 3 SYSTEMPATH\View\View.php(216): CodeIgniter\View\View->CodeIgniter\View\{closure}()
 4 SYSTEMPATH\Common.php(1142): CodeIgniter\View\View->render('inventaris/inventaris_barang', [], true)
 5 APPPATH\Controllers\Home.php(13): view('inventaris/inventaris_barang')
 6 SYSTEMPATH\CodeIgniter.php(902): App\Controllers\Home->inventaris()
 7 SYSTEMPATH\CodeIgniter.php(457): CodeIgniter\CodeIgniter->runController(Object(App\Controllers\Home))
 8 SYSTEMPATH\CodeIgniter.php(340): CodeIgniter\CodeIgniter->handleRequest(null, Object(Config\Cache), false)
 9 FCPATH\index.php(67): CodeIgniter\CodeIgniter->run()
10 SYSTEMPATH\Commands\Server\rewrite.php(46): require_once('FCPATH\\index.php')
CRITICAL - 2022-10-17 08:08:20 --> Undefined variable: db1
in APPPATH\Views\inventaris\inventaris_barang.php on line 92.
 1 APPPATH\Views\inventaris\inventaris_barang.php(92): CodeIgniter\Debug\Exceptions->errorHandler(8, 'Undefined variable: db1', 'APPPATH\\Views\\inventaris\\inventaris_barang.php', 92, [...])
 2 SYSTEMPATH\View\View.php(213): include('APPPATH\\Views\\inventaris\\inventaris_barang.php')
 3 SYSTEMPATH\View\View.php(216): CodeIgniter\View\View->CodeIgniter\View\{closure}()
 4 SYSTEMPATH\Common.php(1142): CodeIgniter\View\View->render('inventaris/inventaris_barang', [], true)
 5 APPPATH\Controllers\Home.php(13): view('inventaris/inventaris_barang')
 6 SYSTEMPATH\CodeIgniter.php(902): App\Controllers\Home->inventaris()
 7 SYSTEMPATH\CodeIgniter.php(457): CodeIgniter\CodeIgniter->runController(Object(App\Controllers\Home))
 8 SYSTEMPATH\CodeIgniter.php(340): CodeIgniter\CodeIgniter->handleRequest(null, Object(Config\Cache), false)
 9 FCPATH\index.php(67): CodeIgniter\CodeIgniter->run()
10 SYSTEMPATH\Commands\Server\rewrite.php(46): require_once('FCPATH\\index.php')
CRITICAL - 2022-10-17 08:08:22 --> Undefined variable: db1
in APPPATH\Views\inventaris\inventaris_barang.php on line 92.
 1 APPPATH\Views\inventaris\inventaris_barang.php(92): CodeIgniter\Debug\Exceptions->errorHandler(8, 'Undefined variable: db1', 'APPPATH\\Views\\inventaris\\inventaris_barang.php', 92, [...])
 2 SYSTEMPATH\View\View.php(213): include('APPPATH\\Views\\inventaris\\inventaris_barang.php')
 3 SYSTEMPATH\View\View.php(216): CodeIgniter\View\View->CodeIgniter\View\{closure}()
 4 SYSTEMPATH\Common.php(1142): CodeIgniter\View\View->render('inventaris/inventaris_barang', [], true)
 5 APPPATH\Controllers\Home.php(13): view('inventaris/inventaris_barang')
 6 SYSTEMPATH\CodeIgniter.php(902): App\Controllers\Home->inventaris()
 7 SYSTEMPATH\CodeIgniter.php(457): CodeIgniter\CodeIgniter->runController(Object(App\Controllers\Home))
 8 SYSTEMPATH\CodeIgniter.php(340): CodeIgniter\CodeIgniter->handleRequest(null, Object(Config\Cache), false)
 9 FCPATH\index.php(67): CodeIgniter\CodeIgniter->run()
10 SYSTEMPATH\Commands\Server\rewrite.php(46): require_once('FCPATH\\index.php')
CRITICAL - 2022-10-17 08:09:12 --> Undefined variable: db1
in APPPATH\Views\inventaris\inventaris_barang.php on line 92.
 1 APPPATH\Views\inventaris\inventaris_barang.php(92): CodeIgniter\Debug\Exceptions->errorHandler(8, 'Undefined variable: db1', 'APPPATH\\Views\\inventaris\\inventaris_barang.php', 92, [...])
 2 SYSTEMPATH\View\View.php(213): include('APPPATH\\Views\\inventaris\\inventaris_barang.php')
 3 SYSTEMPATH\View\View.php(216): CodeIgniter\View\View->CodeIgniter\View\{closure}()
 4 SYSTEMPATH\Common.php(1142): CodeIgniter\View\View->render('inventaris/inventaris_barang', [], true)
 5 APPPATH\Controllers\Home.php(13): view('inventaris/inventaris_barang')
 6 SYSTEMPATH\CodeIgniter.php(902): App\Controllers\Home->inventaris()
 7 SYSTEMPATH\CodeIgniter.php(457): CodeIgniter\CodeIgniter->runController(Object(App\Controllers\Home))
 8 SYSTEMPATH\CodeIgniter.php(340): CodeIgniter\CodeIgniter->handleRequest(null, Object(Config\Cache), false)
 9 FCPATH\index.php(67): CodeIgniter\CodeIgniter->run()
10 SYSTEMPATH\Commands\Server\rewrite.php(46): require_once('FCPATH\\index.php')
CRITICAL - 2022-10-17 08:14:05 --> Unknown database 'db_dewankomputer'
in APPPATH\Views\inventaris\koneksi.php on line 8.
 1 APPPATH\Views\inventaris\koneksi.php(8): mysqli->__construct('localhost', 'root', 'ROOTPATH\\public', 'db_dewankomputer')
 2 APPPATH\Views\inventaris\inventaris_barang.php(158): include('APPPATH\\Views\\inventaris\\koneksi.php')
 3 SYSTEMPATH\View\View.php(213): include('APPPATH\\Views\\inventaris\\inventaris_barang.php')
 4 SYSTEMPATH\View\View.php(216): CodeIgniter\View\View->CodeIgniter\View\{closure}()
 5 SYSTEMPATH\Common.php(1142): CodeIgniter\View\View->render('inventaris/inventaris_barang', [], true)
 6 APPPATH\Controllers\Home.php(13): view('inventaris/inventaris_barang')
 7 SYSTEMPATH\CodeIgniter.php(902): App\Controllers\Home->inventaris()
 8 SYSTEMPATH\CodeIgniter.php(457): CodeIgniter\CodeIgniter->runController(Object(App\Controllers\Home))
 9 SYSTEMPATH\CodeIgniter.php(340): CodeIgniter\CodeIgniter->handleRequest(null, Object(Config\Cache), false)
10 FCPATH\index.php(67): CodeIgniter\CodeIgniter->run()
11 SYSTEMPATH\Commands\Server\rewrite.php(46): require_once('FCPATH\\index.php')
CRITICAL - 2022-10-17 08:15:08 --> Unknown database 'db_s35'
in APPPATH\Views\inventaris\koneksi.php on line 8.
 1 APPPATH\Views\inventaris\koneksi.php(8): mysqli->__construct('localhost', 'root', 'ROOTPATH\\public', 'db_s35')
 2 APPPATH\Views\inventaris\inventaris_barang.php(158): include('APPPATH\\Views\\inventaris\\koneksi.php')
 3 SYSTEMPATH\View\View.php(213): include('APPPATH\\Views\\inventaris\\inventaris_barang.php')
 4 SYSTEMPATH\View\View.php(216): CodeIgniter\View\View->CodeIgniter\View\{closure}()
 5 SYSTEMPATH\Common.php(1142): CodeIgniter\View\View->render('inventaris/inventaris_barang', [], true)
 6 APPPATH\Controllers\Home.php(13): view('inventaris/inventaris_barang')
 7 SYSTEMPATH\CodeIgniter.php(902): App\Controllers\Home->inventaris()
 8 SYSTEMPATH\CodeIgniter.php(457): CodeIgniter\CodeIgniter->runController(Object(App\Controllers\Home))
 9 SYSTEMPATH\CodeIgniter.php(340): CodeIgniter\CodeIgniter->handleRequest(null, Object(Config\Cache), false)
10 FCPATH\index.php(67): CodeIgniter\CodeIgniter->run()
11 SYSTEMPATH\Commands\Server\rewrite.php(46): require_once('FCPATH\\index.php')
CRITICAL - 2022-10-17 08:15:10 --> Unknown database 'db_s35'
in APPPATH\Views\inventaris\koneksi.php on line 8.
 1 APPPATH\Views\inventaris\koneksi.php(8): mysqli->__construct('localhost', 'root', 'ROOTPATH\\public', 'db_s35')
 2 APPPATH\Views\inventaris\inventaris_barang.php(158): include('APPPATH\\Views\\inventaris\\koneksi.php')
 3 SYSTEMPATH\View\View.php(213): include('APPPATH\\Views\\inventaris\\inventaris_barang.php')
 4 SYSTEMPATH\View\View.php(216): CodeIgniter\View\View->CodeIgniter\View\{closure}()
 5 SYSTEMPATH\Common.php(1142): CodeIgniter\View\View->render('inventaris/inventaris_barang', [], true)
 6 APPPATH\Controllers\Home.php(13): view('inventaris/inventaris_barang')
 7 SYSTEMPATH\CodeIgniter.php(902): App\Controllers\Home->inventaris()
 8 SYSTEMPATH\CodeIgniter.php(457): CodeIgniter\CodeIgniter->runController(Object(App\Controllers\Home))
 9 SYSTEMPATH\CodeIgniter.php(340): CodeIgniter\CodeIgniter->handleRequest(null, Object(Config\Cache), false)
10 FCPATH\index.php(67): CodeIgniter\CodeIgniter->run()
11 SYSTEMPATH\Commands\Server\rewrite.php(46): require_once('FCPATH\\index.php')
CRITICAL - 2022-10-17 08:15:36 --> Undefined variable: koneksi
in APPPATH\Views\inventaris\inventaris_barang.php on line 159.
 1 APPPATH\Views\inventaris\inventaris_barang.php(159): CodeIgniter\Debug\Exceptions->errorHandler(8, 'Undefined variable: koneksi', 'APPPATH\\Views\\inventaris\\inventaris_barang.php', 159, [...])
 2 SYSTEMPATH\View\View.php(213): include('APPPATH\\Views\\inventaris\\inventaris_barang.php')
 3 SYSTEMPATH\View\View.php(216): CodeIgniter\View\View->CodeIgniter\View\{closure}()
 4 SYSTEMPATH\Common.php(1142): CodeIgniter\View\View->render('inventaris/inventaris_barang', [], true)
 5 APPPATH\Controllers\Home.php(13): view('inventaris/inventaris_barang')
 6 SYSTEMPATH\CodeIgniter.php(902): App\Controllers\Home->inventaris()
 7 SYSTEMPATH\CodeIgniter.php(457): CodeIgniter\CodeIgniter->runController(Object(App\Controllers\Home))
 8 SYSTEMPATH\CodeIgniter.php(340): CodeIgniter\CodeIgniter->handleRequest(null, Object(Config\Cache), false)
 9 FCPATH\index.php(67): CodeIgniter\CodeIgniter->run()
10 SYSTEMPATH\Commands\Server\rewrite.php(46): require_once('FCPATH\\index.php')
CRITICAL - 2022-10-17 08:20:11 --> Unknown database 'formsiswa'
in APPPATH\Views\inventaris\koneksi.php on line 3.
 1 APPPATH\Views\inventaris\koneksi.php(3): mysqli_connect('localhost', 'root', 'ROOTPATH\\public', 'formsiswa')
 2 APPPATH\Views\inventaris\inventaris_barang.php(158): include('APPPATH\\Views\\inventaris\\koneksi.php')
 3 SYSTEMPATH\View\View.php(213): include('APPPATH\\Views\\inventaris\\inventaris_barang.php')
 4 SYSTEMPATH\View\View.php(216): CodeIgniter\View\View->CodeIgniter\View\{closure}()
 5 SYSTEMPATH\Common.php(1142): CodeIgniter\View\View->render('inventaris/inventaris_barang', [], true)
 6 APPPATH\Controllers\Home.php(13): view('inventaris/inventaris_barang')
 7 SYSTEMPATH\CodeIgniter.php(902): App\Controllers\Home->inventaris()
 8 SYSTEMPATH\CodeIgniter.php(457): CodeIgniter\CodeIgniter->runController(Object(App\Controllers\Home))
 9 SYSTEMPATH\CodeIgniter.php(340): CodeIgniter\CodeIgniter->handleRequest(null, Object(Config\Cache), false)
10 FCPATH\index.php(67): CodeIgniter\CodeIgniter->run()
11 SYSTEMPATH\Commands\Server\rewrite.php(46): require_once('FCPATH\\index.php')
CRITICAL - 2022-10-17 08:20:33 --> Table 'db-s35.siswa' doesn't exist
in APPPATH\Views\inventaris\inventaris_barang.php on line 159.
 1 APPPATH\Views\inventaris\inventaris_barang.php(159): mysqli_query(Object(mysqli), 'select * from siswa')
 2 SYSTEMPATH\View\View.php(213): include('APPPATH\\Views\\inventaris\\inventaris_barang.php')
 3 SYSTEMPATH\View\View.php(216): CodeIgniter\View\View->CodeIgniter\View\{closure}()
 4 SYSTEMPATH\Common.php(1142): CodeIgniter\View\View->render('inventaris/inventaris_barang', [], true)
 5 APPPATH\Controllers\Home.php(13): view('inventaris/inventaris_barang')
 6 SYSTEMPATH\CodeIgniter.php(902): App\Controllers\Home->inventaris()
 7 SYSTEMPATH\CodeIgniter.php(457): CodeIgniter\CodeIgniter->runController(Object(App\Controllers\Home))
 8 SYSTEMPATH\CodeIgniter.php(340): CodeIgniter\CodeIgniter->handleRequest(null, Object(Config\Cache), false)
 9 FCPATH\index.php(67): CodeIgniter\CodeIgniter->run()
10 SYSTEMPATH\Commands\Server\rewrite.php(46): require_once('FCPATH\\index.php')
CRITICAL - 2022-10-17 08:22:22 --> Undefined variable: d
in APPPATH\Views\inventaris\inventaris_barang.php on line 164.
 1 APPPATH\Views\inventaris\inventaris_barang.php(164): CodeIgniter\Debug\Exceptions->errorHandler(8, 'Undefined variable: d', 'APPPATH\\Views\\inventaris\\inventaris_barang.php', 164, [...])
 2 SYSTEMPATH\View\View.php(213): include('APPPATH\\Views\\inventaris\\inventaris_barang.php')
 3 SYSTEMPATH\View\View.php(216): CodeIgniter\View\View->CodeIgniter\View\{closure}()
 4 SYSTEMPATH\Common.php(1142): CodeIgniter\View\View->render('inventaris/inventaris_barang', [], true)
 5 APPPATH\Controllers\Home.php(13): view('inventaris/inventaris_barang')
 6 SYSTEMPATH\CodeIgniter.php(902): App\Controllers\Home->inventaris()
 7 SYSTEMPATH\CodeIgniter.php(457): CodeIgniter\CodeIgniter->runController(Object(App\Controllers\Home))
 8 SYSTEMPATH\CodeIgniter.php(340): CodeIgniter\CodeIgniter->handleRequest(null, Object(Config\Cache), false)
 9 FCPATH\index.php(67): CodeIgniter\CodeIgniter->run()
10 SYSTEMPATH\Commands\Server\rewrite.php(46): require_once('FCPATH\\index.php')
CRITICAL - 2022-10-17 08:31:23 --> Table 'db-s35.inventaris' doesn't exist
in APPPATH\Views\inventaris\inventaris_barang.php on line 156.
 1 APPPATH\Views\inventaris\inventaris_barang.php(156): mysqli_query(Object(mysqli), 'select * from inventaris')
 2 SYSTEMPATH\View\View.php(213): include('APPPATH\\Views\\inventaris\\inventaris_barang.php')
 3 SYSTEMPATH\View\View.php(216): CodeIgniter\View\View->CodeIgniter\View\{closure}()
 4 SYSTEMPATH\Common.php(1142): CodeIgniter\View\View->render('inventaris/inventaris_barang', [], true)
 5 APPPATH\Controllers\Home.php(13): view('inventaris/inventaris_barang')
 6 SYSTEMPATH\CodeIgniter.php(902): App\Controllers\Home->inventaris()
 7 SYSTEMPATH\CodeIgniter.php(457): CodeIgniter\CodeIgniter->runController(Object(App\Controllers\Home))
 8 SYSTEMPATH\CodeIgniter.php(340): CodeIgniter\CodeIgniter->handleRequest(null, Object(Config\Cache), false)
 9 FCPATH\index.php(67): CodeIgniter\CodeIgniter->run()
10 SYSTEMPATH\Commands\Server\rewrite.php(46): require_once('FCPATH\\index.php')
CRITICAL - 2022-10-17 08:32:05 --> Unknown database 'inventaris'
in APPPATH\Views\inventaris\koneksi.php on line 3.
 1 APPPATH\Views\inventaris\koneksi.php(3): mysqli_connect('localhost', 'root', 'ROOTPATH\\public', 'inventaris')
 2 APPPATH\Views\inventaris\inventaris_barang.php(155): include('APPPATH\\Views\\inventaris\\koneksi.php')
 3 SYSTEMPATH\View\View.php(213): include('APPPATH\\Views\\inventaris\\inventaris_barang.php')
 4 SYSTEMPATH\View\View.php(216): CodeIgniter\View\View->CodeIgniter\View\{closure}()
 5 SYSTEMPATH\Common.php(1142): CodeIgniter\View\View->render('inventaris/inventaris_barang', [], true)
 6 APPPATH\Controllers\Home.php(13): view('inventaris/inventaris_barang')
 7 SYSTEMPATH\CodeIgniter.php(902): App\Controllers\Home->inventaris()
 8 SYSTEMPATH\CodeIgniter.php(457): CodeIgniter\CodeIgniter->runController(Object(App\Controllers\Home))
 9 SYSTEMPATH\CodeIgniter.php(340): CodeIgniter\CodeIgniter->handleRequest(null, Object(Config\Cache), false)
10 FCPATH\index.php(67): CodeIgniter\CodeIgniter->run()
11 SYSTEMPATH\Commands\Server\rewrite.php(46): require_once('FCPATH\\index.php')
CRITICAL - 2022-10-17 08:32:20 --> Table 'db-s35.inventaris' doesn't exist
in APPPATH\Views\inventaris\inventaris_barang.php on line 156.
 1 APPPATH\Views\inventaris\inventaris_barang.php(156): mysqli_query(Object(mysqli), 'select * from inventaris')
 2 SYSTEMPATH\View\View.php(213): include('APPPATH\\Views\\inventaris\\inventaris_barang.php')
 3 SYSTEMPATH\View\View.php(216): CodeIgniter\View\View->CodeIgniter\View\{closure}()
 4 SYSTEMPATH\Common.php(1142): CodeIgniter\View\View->render('inventaris/inventaris_barang', [], true)
 5 APPPATH\Controllers\Home.php(13): view('inventaris/inventaris_barang')
 6 SYSTEMPATH\CodeIgniter.php(902): App\Controllers\Home->inventaris()
 7 SYSTEMPATH\CodeIgniter.php(457): CodeIgniter\CodeIgniter->runController(Object(App\Controllers\Home))
 8 SYSTEMPATH\CodeIgniter.php(340): CodeIgniter\CodeIgniter->handleRequest(null, Object(Config\Cache), false)
 9 FCPATH\index.php(67): CodeIgniter\CodeIgniter->run()
10 SYSTEMPATH\Commands\Server\rewrite.php(46): require_once('FCPATH\\index.php')
CRITICAL - 2022-10-17 11:34:12 --> Invalid file: inventaris/list_pengiriman_barang.php
in SYSTEMPATH\Exceptions\FrameworkException.php on line 33.
 1 SYSTEMPATH\View\View.php(201): CodeIgniter\Exceptions\FrameworkException::forInvalidFile('inventaris/list_pengiriman_barang.php')
 2 SYSTEMPATH\View\View.php(429): CodeIgniter\View\View->render('inventaris/list_pengiriman_barang', null, true)
 3 APPPATH\Views\pengiriman_barang\pengiriman_barang.php(123): CodeIgniter\View\View->include('inventaris/list_pengiriman_barang')
 4 SYSTEMPATH\View\View.php(213): include('APPPATH\\Views\\pengiriman_barang\\pengiriman_barang.php')
 5 SYSTEMPATH\View\View.php(216): CodeIgniter\View\View->CodeIgniter\View\{closure}()
 6 SYSTEMPATH\Common.php(1142): CodeIgniter\View\View->render('pengiriman_barang/pengiriman_barang', [], true)
 7 APPPATH\Controllers\Home.php(17): view('pengiriman_barang/pengiriman_barang')
 8 SYSTEMPATH\CodeIgniter.php(902): App\Controllers\Home->pengiriman_barang()
 9 SYSTEMPATH\CodeIgniter.php(457): CodeIgniter\CodeIgniter->runController(Object(App\Controllers\Home))
10 SYSTEMPATH\CodeIgniter.php(340): CodeIgniter\CodeIgniter->handleRequest(null, Object(Config\Cache), false)
11 FCPATH\index.php(67): CodeIgniter\CodeIgniter->run()
12 SYSTEMPATH\Commands\Server\rewrite.php(46): require_once('FCPATH\\index.php')
