CRITICAL - 2022-10-13 02:18:29 --> include(dbconnect.php): failed to open stream: No such file or directory
in APPPATH\Views\inventaris\input_barang.php on line 5.
 1 APPPATH\Views\inventaris\input_barang.php(5): CodeIgniter\Debug\Exceptions->errorHandler(2, 'include(dbconnect.php): failed to open stream: No such file or directory', 'APPPATH\\Views\\inventaris\\input_barang.php', 5, [])
 2 APPPATH\Views\inventaris\input_barang.php(5): include()
 3 SYSTEMPATH\View\View.php(213): include('APPPATH\\Views\\inventaris\\input_barang.php')
 4 SYSTEMPATH\View\View.php(216): CodeIgniter\View\View->CodeIgniter\View\{closure}()
 5 SYSTEMPATH\View\View.php(429): CodeIgniter\View\View->render('inventaris/input_barang', null, true)
 6 APPPATH\Views\inventaris\inventaris_barang.php(40): CodeIgniter\View\View->include('inventaris/input_barang')
 7 SYSTEMPATH\View\View.php(213): include('APPPATH\\Views\\inventaris\\inventaris_barang.php')
 8 SYSTEMPATH\View\View.php(216): CodeIgniter\View\View->CodeIgniter\View\{closure}()
 9 SYSTEMPATH\Common.php(1142): CodeIgniter\View\View->render('inventaris/inventaris_barang', [], true)
10 APPPATH\Controllers\Home.php(13): view('inventaris/inventaris_barang')
11 SYSTEMPATH\CodeIgniter.php(902): App\Controllers\Home->inventaris()
12 SYSTEMPATH\CodeIgniter.php(457): CodeIgniter\CodeIgniter->runController(Object(App\Controllers\Home))
13 SYSTEMPATH\CodeIgniter.php(340): CodeIgniter\CodeIgniter->handleRequest(null, Object(Config\Cache), false)
14 FCPATH\index.php(67): CodeIgniter\CodeIgniter->run()
15 SYSTEMPATH\Commands\Server\rewrite.php(46): require_once('FCPATH\\index.php')
CRITICAL - 2022-10-13 02:19:49 --> include(dbconnect.php): failed to open stream: No such file or directory
in APPPATH\Views\inventaris\input_barang.php on line 5.
 1 APPPATH\Views\inventaris\input_barang.php(5): CodeIgniter\Debug\Exceptions->errorHandler(2, 'include(dbconnect.php): failed to open stream: No such file or directory', 'APPPATH\\Views\\inventaris\\input_barang.php', 5, [])
 2 APPPATH\Views\inventaris\input_barang.php(5): include()
 3 SYSTEMPATH\View\View.php(213): include('APPPATH\\Views\\inventaris\\input_barang.php')
 4 SYSTEMPATH\View\View.php(216): CodeIgniter\View\View->CodeIgniter\View\{closure}()
 5 SYSTEMPATH\View\View.php(429): CodeIgniter\View\View->render('inventaris/input_barang', null, true)
 6 APPPATH\Views\inventaris\inventaris_barang.php(40): CodeIgniter\View\View->include('inventaris/input_barang')
 7 SYSTEMPATH\View\View.php(213): include('APPPATH\\Views\\inventaris\\inventaris_barang.php')
 8 SYSTEMPATH\View\View.php(216): CodeIgniter\View\View->CodeIgniter\View\{closure}()
 9 SYSTEMPATH\Common.php(1142): CodeIgniter\View\View->render('inventaris/inventaris_barang', [], true)
10 APPPATH\Controllers\Home.php(13): view('inventaris/inventaris_barang')
11 SYSTEMPATH\CodeIgniter.php(902): App\Controllers\Home->inventaris()
12 SYSTEMPATH\CodeIgniter.php(457): CodeIgniter\CodeIgniter->runController(Object(App\Controllers\Home))
13 SYSTEMPATH\CodeIgniter.php(340): CodeIgniter\CodeIgniter->handleRequest(null, Object(Config\Cache), false)
14 FCPATH\index.php(67): CodeIgniter\CodeIgniter->run()
15 SYSTEMPATH\Commands\Server\rewrite.php(46): require_once('FCPATH\\index.php')
CRITICAL - 2022-10-13 02:20:04 --> include(dbconnect.php): failed to open stream: No such file or directory
in APPPATH\Views\inventaris\input_barang.php on line 5.
 1 APPPATH\Views\inventaris\input_barang.php(5): CodeIgniter\Debug\Exceptions->errorHandler(2, 'include(dbconnect.php): failed to open stream: No such file or directory', 'APPPATH\\Views\\inventaris\\input_barang.php', 5, [])
 2 APPPATH\Views\inventaris\input_barang.php(5): include()
 3 SYSTEMPATH\View\View.php(213): include('APPPATH\\Views\\inventaris\\input_barang.php')
 4 SYSTEMPATH\View\View.php(216): CodeIgniter\View\View->CodeIgniter\View\{closure}()
 5 SYSTEMPATH\View\View.php(429): CodeIgniter\View\View->render('inventaris/input_barang', null, true)
 6 APPPATH\Views\inventaris\inventaris_barang.php(40): CodeIgniter\View\View->include('inventaris/input_barang')
 7 SYSTEMPATH\View\View.php(213): include('APPPATH\\Views\\inventaris\\inventaris_barang.php')
 8 SYSTEMPATH\View\View.php(216): CodeIgniter\View\View->CodeIgniter\View\{closure}()
 9 SYSTEMPATH\Common.php(1142): CodeIgniter\View\View->render('inventaris/inventaris_barang', [], true)
10 APPPATH\Controllers\Home.php(13): view('inventaris/inventaris_barang')
11 SYSTEMPATH\CodeIgniter.php(902): App\Controllers\Home->inventaris()
12 SYSTEMPATH\CodeIgniter.php(457): CodeIgniter\CodeIgniter->runController(Object(App\Controllers\Home))
13 SYSTEMPATH\CodeIgniter.php(340): CodeIgniter\CodeIgniter->handleRequest(null, Object(Config\Cache), false)
14 FCPATH\index.php(67): CodeIgniter\CodeIgniter->run()
15 SYSTEMPATH\Commands\Server\rewrite.php(46): require_once('FCPATH\\index.php')
CRITICAL - 2022-10-13 02:54:43 --> include(dbconnect.php): failed to open stream: No such file or directory
in APPPATH\Views\inventaris\input_barang.php on line 5.
 1 APPPATH\Views\inventaris\input_barang.php(5): CodeIgniter\Debug\Exceptions->errorHandler(2, 'include(dbconnect.php): failed to open stream: No such file or directory', 'APPPATH\\Views\\inventaris\\input_barang.php', 5, [])
 2 APPPATH\Views\inventaris\input_barang.php(5): include()
 3 SYSTEMPATH\View\View.php(213): include('APPPATH\\Views\\inventaris\\input_barang.php')
 4 SYSTEMPATH\View\View.php(216): CodeIgniter\View\View->CodeIgniter\View\{closure}()
 5 SYSTEMPATH\View\View.php(429): CodeIgniter\View\View->render('inventaris/input_barang', null, true)
 6 APPPATH\Views\inventaris\inventaris_barang.php(40): CodeIgniter\View\View->include('inventaris/input_barang')
 7 SYSTEMPATH\View\View.php(213): include('APPPATH\\Views\\inventaris\\inventaris_barang.php')
 8 SYSTEMPATH\View\View.php(216): CodeIgniter\View\View->CodeIgniter\View\{closure}()
 9 SYSTEMPATH\Common.php(1142): CodeIgniter\View\View->render('inventaris/inventaris_barang', [], true)
10 APPPATH\Controllers\Home.php(13): view('inventaris/inventaris_barang')
11 SYSTEMPATH\CodeIgniter.php(902): App\Controllers\Home->inventaris()
12 SYSTEMPATH\CodeIgniter.php(457): CodeIgniter\CodeIgniter->runController(Object(App\Controllers\Home))
13 SYSTEMPATH\CodeIgniter.php(340): CodeIgniter\CodeIgniter->handleRequest(null, Object(Config\Cache), false)
14 FCPATH\index.php(67): CodeIgniter\CodeIgniter->run()
15 SYSTEMPATH\Commands\Server\rewrite.php(46): require_once('FCPATH\\index.php')
CRITICAL - 2022-10-13 02:55:34 --> Undefined variable: result
in APPPATH\Views\inventaris\input_barang.php on line 45.
 1 APPPATH\Views\inventaris\input_barang.php(45): CodeIgniter\Debug\Exceptions->errorHandler(8, 'Undefined variable: result', 'APPPATH\\Views\\inventaris\\input_barang.php', 45, [...])
 2 SYSTEMPATH\View\View.php(213): include('APPPATH\\Views\\inventaris\\input_barang.php')
 3 SYSTEMPATH\View\View.php(216): CodeIgniter\View\View->CodeIgniter\View\{closure}()
 4 SYSTEMPATH\View\View.php(429): CodeIgniter\View\View->render('inventaris/input_barang', null, true)
 5 APPPATH\Views\inventaris\inventaris_barang.php(40): CodeIgniter\View\View->include('inventaris/input_barang')
 6 SYSTEMPATH\View\View.php(213): include('APPPATH\\Views\\inventaris\\inventaris_barang.php')
 7 SYSTEMPATH\View\View.php(216): CodeIgniter\View\View->CodeIgniter\View\{closure}()
 8 SYSTEMPATH\Common.php(1142): CodeIgniter\View\View->render('inventaris/inventaris_barang', [], true)
 9 APPPATH\Controllers\Home.php(13): view('inventaris/inventaris_barang')
10 SYSTEMPATH\CodeIgniter.php(902): App\Controllers\Home->inventaris()
11 SYSTEMPATH\CodeIgniter.php(457): CodeIgniter\CodeIgniter->runController(Object(App\Controllers\Home))
12 SYSTEMPATH\CodeIgniter.php(340): CodeIgniter\CodeIgniter->handleRequest(null, Object(Config\Cache), false)
13 FCPATH\index.php(67): CodeIgniter\CodeIgniter->run()
14 SYSTEMPATH\Commands\Server\rewrite.php(46): require_once('FCPATH\\index.php')
CRITICAL - 2022-10-13 07:14:00 --> View themes, no current section.
in SYSTEMPATH\View\View.php on line 392.
 1 APPPATH\Views\pengiriman_barang\pengiriman_barang.php(69): CodeIgniter\View\View->endSection()
 2 SYSTEMPATH\View\View.php(213): include('APPPATH\\Views\\pengiriman_barang\\pengiriman_barang.php')
 3 SYSTEMPATH\View\View.php(216): CodeIgniter\View\View->CodeIgniter\View\{closure}()
 4 SYSTEMPATH\Common.php(1142): CodeIgniter\View\View->render('pengiriman_barang/pengiriman_barang', [], true)
 5 APPPATH\Controllers\Home.php(17): view('pengiriman_barang/pengiriman_barang')
 6 SYSTEMPATH\CodeIgniter.php(902): App\Controllers\Home->pengiriman_barang()
 7 SYSTEMPATH\CodeIgniter.php(457): CodeIgniter\CodeIgniter->runController(Object(App\Controllers\Home))
 8 SYSTEMPATH\CodeIgniter.php(340): CodeIgniter\CodeIgniter->handleRequest(null, Object(Config\Cache), false)
 9 FCPATH\index.php(67): CodeIgniter\CodeIgniter->run()
10 SYSTEMPATH\Commands\Server\rewrite.php(46): require_once('FCPATH\\index.php')
