CRITICAL - 2022-10-10 05:36:59 --> Class name must be a valid object or a string
in VENDORPATH\myth\auth\src\Config\Services.php on line 81.
 1 SYSTEMPATH\Config\BaseService.php(253): Myth\Auth\Config\Services::activator(Object(Myth\Auth\Config\Auth), false)
 2 SYSTEMPATH\Config\BaseService.php(194): CodeIgniter\Config\BaseService::__callStatic('activator', [...])
 3 VENDORPATH\myth\auth\src\Config\Services.php(74): CodeIgniter\Config\BaseService::getSharedInstance('activator', null)
 4 SYSTEMPATH\Config\BaseService.php(253): Myth\Auth\Config\Services::activator()
 5 SYSTEMPATH\Common.php(967): CodeIgniter\Config\BaseService::__callStatic('activator', [])
 6 VENDORPATH\myth\auth\src\Controllers\AuthController.php(184): service('activator')
 7 SYSTEMPATH\CodeIgniter.php(902): Myth\Auth\Controllers\AuthController->attemptRegister()
 8 SYSTEMPATH\CodeIgniter.php(457): CodeIgniter\CodeIgniter->runController(Object(Myth\Auth\Controllers\AuthController))
 9 SYSTEMPATH\CodeIgniter.php(340): CodeIgniter\CodeIgniter->handleRequest(null, Object(Config\Cache), false)
10 FCPATH\index.php(67): CodeIgniter\CodeIgniter->run()
11 SYSTEMPATH\Commands\Server\rewrite.php(46): require_once('FCPATH\\index.php')
CRITICAL - 2022-10-10 05:43:47 --> Class 'false' not found
in VENDORPATH\myth\auth\src\Config\Services.php on line 81.
 1 SYSTEMPATH\Config\BaseService.php(253): Myth\Auth\Config\Services::activator(Object(Myth\Auth\Config\Auth), false)
 2 SYSTEMPATH\Config\BaseService.php(194): CodeIgniter\Config\BaseService::__callStatic('activator', [...])
 3 VENDORPATH\myth\auth\src\Config\Services.php(74): CodeIgniter\Config\BaseService::getSharedInstance('activator', null)
 4 SYSTEMPATH\Config\BaseService.php(253): Myth\Auth\Config\Services::activator()
 5 SYSTEMPATH\Common.php(967): CodeIgniter\Config\BaseService::__callStatic('activator', [])
 6 VENDORPATH\myth\auth\src\Controllers\AuthController.php(184): service('activator')
 7 SYSTEMPATH\CodeIgniter.php(902): Myth\Auth\Controllers\AuthController->attemptRegister()
 8 SYSTEMPATH\CodeIgniter.php(457): CodeIgniter\CodeIgniter->runController(Object(Myth\Auth\Controllers\AuthController))
 9 SYSTEMPATH\CodeIgniter.php(340): CodeIgniter\CodeIgniter->handleRequest(null, Object(Config\Cache), false)
10 FCPATH\index.php(67): CodeIgniter\CodeIgniter->run()
11 SYSTEMPATH\Commands\Server\rewrite.php(46): require_once('FCPATH\\index.php')
